<?xml version="1.0" encoding="UTF-8"?>
<!-- Generated by org.testng.reporters.JUnitReportReporter -->
<testsuite skipped="0" hostname="KAFEIN-34" name="appiumtests.CalculatorTestNG$WORKTEST" tests="3" failures="0" timestamp="2021-03-13T21:02:45 EET" time="0.035" errors="0">
  <testcase name="Test1" time="0.022" classname="appiumtests.CalculatorTestNG$WORKTEST"/>
  <system-out/>
  <testcase name="Test3" time="0.004" classname="appiumtests.CalculatorTestNG$WORKTEST"/>
  <system-out/>
  <testcase name="Test2" time="0.009" classname="appiumtests.CalculatorTestNG$WORKTEST"/>
  <system-out/>
</testsuite> <!-- appiumtests.CalculatorTestNG$WORKTEST -->
